DEPRECATION WARNING: config.action_view.debug_rjs will be removed in 3.1, from 3.1 onwards you will need to install prototype-rails to continue to use RJS templates . (called from service at /Users/matthewstopa/.rvm/rubies/ruby-1.9.2-p180/lib/ruby/1.9.1/webrick/httpserver.rb:111)


Started GET "/rails/info/properties" for 127.0.0.1 at 2011-10-24 23:09:39 -0400
  Processing by Rails::InfoController#properties as 
Rendered inline template (0.4ms)
Completed 200 OK in 29ms (Views: 1.1ms)
DEPRECATION WARNING: config.action_view.debug_rjs will be removed in 3.1, from 3.1 onwards you will need to install prototype-rails to continue to use RJS templates . (called from service at /Users/matthewstopa/.rvm/rubies/ruby-1.9.2-p180/lib/ruby/1.9.1/webrick/httpserver.rb:111)


Started GET "/repo" for 127.0.0.1 at 2011-10-24 23:12:24 -0400

ActionController::RoutingError (uninitialized constant ReposController):
  

Rendered /Users/matthewstopa/.rvm/gems/ruby-1.9.2-p180/gems/actionpack-3.0.9/lib/action_dispatch/middleware/templates/rescues/routing_error.erb within rescues/layout (0.9ms)


Started GET "/repo" for 127.0.0.1 at 2011-10-24 23:12:33 -0400

ActionController::RoutingError (uninitialized constant ReposController):
  

Rendered /Users/matthewstopa/.rvm/gems/ruby-1.9.2-p180/gems/actionpack-3.0.9/lib/action_dispatch/middleware/templates/rescues/routing_error.erb within rescues/layout (0.8ms)


Started GET "/repo" for 127.0.0.1 at 2011-10-24 23:12:34 -0400

ActionController::RoutingError (uninitialized constant ReposController):
  

Rendered /Users/matthewstopa/.rvm/gems/ruby-1.9.2-p180/gems/actionpack-3.0.9/lib/action_dispatch/middleware/templates/rescues/routing_error.erb within rescues/layout (0.8ms)


Started GET "/repo" for 127.0.0.1 at 2011-10-24 23:12:44 -0400

TypeError (wrong argument type Module (expected Class)):
  app/controllers/repos_controller.rb:1:in `<top (required)>'

Rendered /Users/matthewstopa/.rvm/gems/ruby-1.9.2-p180/gems/actionpack-3.0.9/lib/action_dispatch/middleware/templates/rescues/_trace.erb (2.3ms)
Rendered /Users/matthewstopa/.rvm/gems/ruby-1.9.2-p180/gems/actionpack-3.0.9/lib/action_dispatch/middleware/templates/rescues/_request_and_response.erb (8.0ms)
Rendered /Users/matthewstopa/.rvm/gems/ruby-1.9.2-p180/gems/actionpack-3.0.9/lib/action_dispatch/middleware/templates/rescues/diagnostics.erb within rescues/layout (28.7ms)


Started GET "/repo" for 127.0.0.1 at 2011-10-24 23:13:10 -0400

AbstractController::ActionNotFound (The action 'show' could not be found for ReposController):
  

Rendered /Users/matthewstopa/.rvm/gems/ruby-1.9.2-p180/gems/actionpack-3.0.9/lib/action_dispatch/middleware/templates/rescues/unknown_action.erb within rescues/layout (1.1ms)


Started GET "/repo/2" for 127.0.0.1 at 2011-10-24 23:13:24 -0400

ActionController::RoutingError (No route matches "/repo/2"):
  

Rendered /Users/matthewstopa/.rvm/gems/ruby-1.9.2-p180/gems/actionpack-3.0.9/lib/action_dispatch/middleware/templates/rescues/routing_error.erb within rescues/layout (0.8ms)


Started GET "/repo/" for 127.0.0.1 at 2011-10-24 23:13:28 -0400

AbstractController::ActionNotFound (The action 'show' could not be found for ReposController):
  

Rendered /Users/matthewstopa/.rvm/gems/ruby-1.9.2-p180/gems/actionpack-3.0.9/lib/action_dispatch/middleware/templates/rescues/unknown_action.erb within rescues/layout (0.6ms)


Started GET "/repo" for 127.0.0.1 at 2011-10-24 23:13:32 -0400

AbstractController::ActionNotFound (The action 'show' could not be found for ReposController):
  

Rendered /Users/matthewstopa/.rvm/gems/ruby-1.9.2-p180/gems/actionpack-3.0.9/lib/action_dispatch/middleware/templates/rescues/unknown_action.erb within rescues/layout (0.6ms)


Started GET "/repo" for 127.0.0.1 at 2011-10-24 23:13:49 -0400
  Processing by ReposController#show as HTML
Completed 500 Internal Server Error in 50ms

ActionView::MissingTemplate (Missing template repos/show with {:handlers=>[:erb, :rjs, :builder, :rhtml, :rxml], :formats=>[:html], :locale=>[:en, :en]} in view paths "/Users/matthewstopa/Development/GitPush/app/views"):
  

Rendered /Users/matthewstopa/.rvm/gems/ruby-1.9.2-p180/gems/actionpack-3.0.9/lib/action_dispatch/middleware/templates/rescues/missing_template.erb within rescues/layout (0.6ms)


Started GET "/repo" for 127.0.0.1 at 2011-10-24 23:13:55 -0400
  Processing by ReposController#show as HTML
Rendered text template (0.0ms)
Completed 200 OK in 46ms (Views: 46.0ms)


Started GET "/repo" for 127.0.0.1 at 2011-10-24 23:14:07 -0400

TypeError (wrong argument type Module (expected Class)):
  app/controllers/repo_controller.rb:1:in `<top (required)>'

Rendered /Users/matthewstopa/.rvm/gems/ruby-1.9.2-p180/gems/actionpack-3.0.9/lib/action_dispatch/middleware/templates/rescues/_trace.erb (1.0ms)
Rendered /Users/matthewstopa/.rvm/gems/ruby-1.9.2-p180/gems/actionpack-3.0.9/lib/action_dispatch/middleware/templates/rescues/_request_and_response.erb (1.0ms)
Rendered /Users/matthewstopa/.rvm/gems/ruby-1.9.2-p180/gems/actionpack-3.0.9/lib/action_dispatch/middleware/templates/rescues/diagnostics.erb within rescues/layout (4.9ms)


Started GET "/repo" for 127.0.0.1 at 2011-10-24 23:14:15 -0400

TypeError (wrong argument type Module (expected Class)):
  app/controllers/repo_controller.rb:1:in `<top (required)>'

Rendered /Users/matthewstopa/.rvm/gems/ruby-1.9.2-p180/gems/actionpack-3.0.9/lib/action_dispatch/middleware/templates/rescues/_trace.erb (1.0ms)
Rendered /Users/matthewstopa/.rvm/gems/ruby-1.9.2-p180/gems/actionpack-3.0.9/lib/action_dispatch/middleware/templates/rescues/_request_and_response.erb (1.1ms)
Rendered /Users/matthewstopa/.rvm/gems/ruby-1.9.2-p180/gems/actionpack-3.0.9/lib/action_dispatch/middleware/templates/rescues/diagnostics.erb within rescues/layout (4.9ms)


Started GET "/repo" for 127.0.0.1 at 2011-10-24 23:14:29 -0400

LoadError (Expected /Users/matthewstopa/Development/GitPush/app/controllers/repo_controller.rb to define RepoController):
  

Rendered /Users/matthewstopa/.rvm/gems/ruby-1.9.2-p180/gems/actionpack-3.0.9/lib/action_dispatch/middleware/templates/rescues/_trace.erb (1.0ms)
Rendered /Users/matthewstopa/.rvm/gems/ruby-1.9.2-p180/gems/actionpack-3.0.9/lib/action_dispatch/middleware/templates/rescues/_request_and_response.erb (1.0ms)
Rendered /Users/matthewstopa/.rvm/gems/ruby-1.9.2-p180/gems/actionpack-3.0.9/lib/action_dispatch/middleware/templates/rescues/diagnostics.erb within rescues/layout (5.0ms)


Started GET "/repo" for 127.0.0.1 at 2011-10-24 23:14:36 -0400
  Processing by RepoController#index as HTML
Completed 500 Internal Server Error in 2ms

ActionView::MissingTemplate (Missing template repo/index with {:handlers=>[:erb, :rjs, :builder, :rhtml, :rxml], :formats=>[:html], :locale=>[:en, :en]} in view paths "/Users/matthewstopa/Development/GitPush/app/views"):
  

Rendered /Users/matthewstopa/.rvm/gems/ruby-1.9.2-p180/gems/actionpack-3.0.9/lib/action_dispatch/middleware/templates/rescues/missing_template.erb within rescues/layout (0.7ms)


Started GET "/repo" for 127.0.0.1 at 2011-10-24 23:14:43 -0400
  Processing by RepoController#index as HTML
Rendered text template (0.0ms)
Completed 200 OK in 1ms (Views: 0.6ms)
